android/app/build/intermediates/manifest_merge_blame_file/release/manifest-merger-blame-release-report.txt
1<?xml version="1.0" encoding="utf-8"?>
2<manifest xmlns:android="http://schemas.android.com/apk/res/android"
3    package="com.numera"
4    android:versionCode="1"
5    android:versionName="1.0" >
6
7    <uses-sdk
8        android:minSdkVersion="21"
8-->src\main\AndroidManifest.xml
9        android:targetSdkVersion="33" />
9-->src\main\AndroidManifest.xml
10
11    <uses-permission android:name="android.permission.INTERNET" />
11-->src\main\AndroidManifest.xml:3:5-67
11-->src\main\AndroidManifest.xml:3:22-64
12    <uses-permission android:name="android.permission.READ_MEDIA_IMAGES" />
12-->src\main\AndroidManifest.xml:4:5-75
12-->src\main\AndroidManifest.xml:4:22-73
13    <uses-permission android:name="android.permission.CAMERA" />
13-->src\main\AndroidManifest.xml:5:5-64
13-->src\main\AndroidManifest.xml:5:22-62
14
15    <uses-feature
15-->src\main\AndroidManifest.xml:6:5-85
16        android:name="android.hardware.camera"
16-->src\main\AndroidManifest.xml:6:19-57
17        android:required="false" />
17-->src\main\AndroidManifest.xml:6:58-82
18    <uses-feature
18-->src\main\AndroidManifest.xml:7:1-87
19        android:name="android.hardware.camera.front"
19-->src\main\AndroidManifest.xml:7:15-59
20        android:required="false" />
20-->src\main\AndroidManifest.xml:7:60-84
21
22    <queries>
22-->[:react-native-image-crop-picker] AndroidManifest.xml:7:5-11:15
23        <intent>
23-->[:react-native-image-crop-picker] AndroidManifest.xml:8:9-10:18
24            <action android:name="android.media.action.IMAGE_CAPTURE" />
24-->[:react-native-image-crop-picker] AndroidManifest.xml:9:13-73
24-->[:react-native-image-crop-picker] AndroidManifest.xml:9:21-70
25        </intent>
26    </queries>
27
28    <uses-permission android:name="android.permission.WRITE_EXTERNAL_STORAGE" />
28-->[:react-native-image-crop-picker] AndroidManifest.xml:13:5-81
28-->[:react-native-image-crop-picker] AndroidManifest.xml:13:22-78
29    <uses-permission android:name="android.permission.READ_EXTERNAL_STORAGE" /> <!-- Required by older versions of Google Play services to create IID tokens -->
30    <uses-permission android:name="com.google.android.c2dm.permission.RECEIVE" />
30-->[com.google.android.gms:play-services-iid:17.0.0] AndroidManifest.xml:23:5-82
30-->[com.google.android.gms:play-services-iid:17.0.0] AndroidManifest.xml:23:22-79
31    <uses-permission android:name="com.google.android.finsky.permission.BIND_GET_INSTALL_REFERRER_SERVICE" />
31-->[com.android.installreferrer:installreferrer:1.1.2] AndroidManifest.xml:9:5-110
31-->[com.android.installreferrer:installreferrer:1.1.2] AndroidManifest.xml:9:22-107
32
33    <application
33-->src\main\AndroidManifest.xml:9:5-28:19
34        android:name="com.numera.MainApplication"
34-->src\main\AndroidManifest.xml:10:7-38
35        android:allowBackup="false"
35-->src\main\AndroidManifest.xml:14:7-34
36        android:appComponentFactory="androidx.core.app.CoreComponentFactory"
36-->[androidx.core:core:1.7.0] AndroidManifest.xml:24:18-86
37        android:icon="@mipmap/ic_launcher"
37-->src\main\AndroidManifest.xml:12:7-41
38        android:label="@string/app_name"
38-->src\main\AndroidManifest.xml:11:7-39
39        android:roundIcon="@mipmap/ic_launcher_round"
39-->src\main\AndroidManifest.xml:13:7-52
40        android:theme="@style/AppTheme" >
40-->src\main\AndroidManifest.xml:15:7-38
41        <activity
41-->src\main\AndroidManifest.xml:16:7-27:18
42            android:name="com.numera.MainActivity"
42-->src\main\AndroidManifest.xml:17:9-37
43            android:configChanges="keyboard|keyboardHidden|orientation|screenLayout|screenSize|smallestScreenSize|uiMode"
43-->src\main\AndroidManifest.xml:19:9-118
44            android:exported="true"
44-->src\main\AndroidManifest.xml:22:9-32
45            android:label="@string/app_name"
45-->src\main\AndroidManifest.xml:18:9-41
46            android:launchMode="singleTask"
46-->src\main\AndroidManifest.xml:20:9-40
47            android:windowSoftInputMode="adjustResize" >
47-->src\main\AndroidManifest.xml:21:9-51
48            <intent-filter>
48-->src\main\AndroidManifest.xml:23:9-26:25
49                <action android:name="android.intent.action.MAIN" />
49-->src\main\AndroidManifest.xml:24:13-65
49-->src\main\AndroidManifest.xml:24:21-62
50
51                <category android:name="android.intent.category.LAUNCHER" />
51-->src\main\AndroidManifest.xml:25:13-73
51-->src\main\AndroidManifest.xml:25:23-70
52            </intent-filter>
53        </activity>
54
55        <provider
55-->[:react-native-image-crop-picker] AndroidManifest.xml:16:9-24:20
56            android:name="com.reactnative.ivpusic.imagepicker.IvpusicImagePickerFileProvider"
56-->[:react-native-image-crop-picker] AndroidManifest.xml:17:13-94
57            android:authorities="com.numera.provider"
57-->[:react-native-image-crop-picker] AndroidManifest.xml:18:13-60
58            android:exported="false"
58-->[:react-native-image-crop-picker] AndroidManifest.xml:19:13-37
59            android:grantUriPermissions="true" >
59-->[:react-native-image-crop-picker] AndroidManifest.xml:20:13-47
60            <meta-data
60-->[:react-native-image-crop-picker] AndroidManifest.xml:21:13-23:78
61                android:name="android.support.FILE_PROVIDER_PATHS"
61-->[:react-native-image-crop-picker] AndroidManifest.xml:22:17-67
62                android:resource="@xml/ivpusic_imagepicker_provider_paths" />
62-->[:react-native-image-crop-picker] AndroidManifest.xml:23:17-75
63        </provider>
64
65        <activity
65-->[:react-native-image-crop-picker] AndroidManifest.xml:26:9-28:72
66            android:name="com.yalantis.ucrop.UCropActivity"
66-->[:react-native-image-crop-picker] AndroidManifest.xml:27:13-60
67            android:theme="@style/Theme.AppCompat.Light.NoActionBar" />
67-->[:react-native-image-crop-picker] AndroidManifest.xml:28:13-69
68
69        <provider
69-->[:react-native-image-picker] AndroidManifest.xml:8:9-16:20
70            android:name="com.imagepicker.ImagePickerProvider"
70-->[:react-native-image-picker] AndroidManifest.xml:9:13-63
71            android:authorities="com.numera.imagepickerprovider"
71-->[:react-native-image-picker] AndroidManifest.xml:10:13-71
72            android:exported="false"
72-->[:react-native-image-picker] AndroidManifest.xml:11:13-37
73            android:grantUriPermissions="true" >
73-->[:react-native-image-picker] AndroidManifest.xml:12:13-47
74            <meta-data
74-->[:react-native-image-crop-picker] AndroidManifest.xml:21:13-23:78
75                android:name="android.support.FILE_PROVIDER_PATHS"
75-->[:react-native-image-crop-picker] AndroidManifest.xml:22:17-67
76                android:resource="@xml/imagepicker_provider_paths" />
76-->[:react-native-image-crop-picker] AndroidManifest.xml:23:17-75
77        </provider>
78        <provider
78-->[:react-native-webview] AndroidManifest.xml:8:9-16:20
79            android:name="com.reactnativecommunity.webview.RNCWebViewFileProvider"
79-->[:react-native-webview] AndroidManifest.xml:9:13-83
80            android:authorities="com.numera.fileprovider"
80-->[:react-native-webview] AndroidManifest.xml:10:13-64
81            android:exported="false"
81-->[:react-native-webview] AndroidManifest.xml:11:13-37
82            android:grantUriPermissions="true" >
82-->[:react-native-webview] AndroidManifest.xml:12:13-47
83            <meta-data
83-->[:react-native-image-crop-picker] AndroidManifest.xml:21:13-23:78
84                android:name="android.support.FILE_PROVIDER_PATHS"
84-->[:react-native-image-crop-picker] AndroidManifest.xml:22:17-67
85                android:resource="@xml/file_provider_paths" />
85-->[:react-native-image-crop-picker] AndroidManifest.xml:23:17-75
86        </provider>
87
88        <activity
88-->[com.google.android.gms:play-services-base:17.0.0] AndroidManifest.xml:23:9-26:75
89            android:name="com.google.android.gms.common.api.GoogleApiActivity"
89-->[com.google.android.gms:play-services-base:17.0.0] AndroidManifest.xml:24:13-79
90            android:exported="false"
90-->[com.google.android.gms:play-services-base:17.0.0] AndroidManifest.xml:25:13-37
91            android:theme="@android:style/Theme.Translucent.NoTitleBar" />
91-->[com.google.android.gms:play-services-base:17.0.0] AndroidManifest.xml:26:13-72
92
93        <meta-data
93-->[com.google.android.gms:play-services-basement:17.0.0] AndroidManifest.xml:23:9-25:69
94            android:name="com.google.android.gms.version"
94-->[com.google.android.gms:play-services-basement:17.0.0] AndroidManifest.xml:24:13-58
95            android:value="@integer/google_play_services_version" />
95-->[com.google.android.gms:play-services-basement:17.0.0] AndroidManifest.xml:25:13-66
96
97        <provider
97-->[androidx.emoji2:emoji2:1.0.0] AndroidManifest.xml:26:9-34:20
98            android:name="androidx.startup.InitializationProvider"
98-->[androidx.emoji2:emoji2:1.0.0] AndroidManifest.xml:27:13-67
99            android:authorities="com.numera.androidx-startup"
99-->[androidx.emoji2:emoji2:1.0.0] AndroidManifest.xml:28:13-68
100            android:exported="false" >
100-->[androidx.emoji2:emoji2:1.0.0] AndroidManifest.xml:29:13-37
101            <meta-data
101-->[androidx.emoji2:emoji2:1.0.0] AndroidManifest.xml:31:13-33:52
102                android:name="androidx.emoji2.text.EmojiCompatInitializer"
102-->[androidx.emoji2:emoji2:1.0.0] AndroidManifest.xml:32:17-75
103                android:value="androidx.startup" />
103-->[androidx.emoji2:emoji2:1.0.0] AndroidManifest.xml:33:17-49
104            <meta-data
104-->[androidx.lifecycle:lifecycle-process:2.4.0] AndroidManifest.xml:31:13-33:52
105                android:name="androidx.lifecycle.ProcessLifecycleInitializer"
105-->[androidx.lifecycle:lifecycle-process:2.4.0] AndroidManifest.xml:32:17-78
106                android:value="androidx.startup" />
106-->[androidx.lifecycle:lifecycle-process:2.4.0] AndroidManifest.xml:33:17-49
107        </provider>
108
109        <meta-data
109-->[com.facebook.soloader:soloader:0.10.5] AndroidManifest.xml:12:9-14:37
110            android:name="com.facebook.soloader.enabled"
110-->[com.facebook.soloader:soloader:0.10.5] AndroidManifest.xml:13:13-57
111            android:value="false" />
111-->[com.facebook.soloader:soloader:0.10.5] AndroidManifest.xml:14:13-34
112    </application>
113
114</manifest>